2020-11-01T18:05:20.457Z eslint:cli CLI args: [ '--debug', '--', 'src/App.vue' ]
2020-11-01T18:05:20.459Z eslint:cli Running on files
2020-11-01T18:05:20.471Z eslint:ignore-pattern Create with: [ IgnorePattern { patterns: [ '/**/node_modules/*' ], basePath: '/home/artur/dev/repro', loose: false } ]
2020-11-01T18:05:20.473Z eslint:ignore-pattern   processed: { basePath: '/home/artur/dev/repro', patterns: [ '/**/node_modules/*' ] }
2020-11-01T18:05:20.473Z eslint:ignore-pattern Create with: [ IgnorePattern { patterns: [ '/**/node_modules/*' ], basePath: '/home/artur/dev/repro', loose: false } ]
2020-11-01T18:05:20.474Z eslint:ignore-pattern   processed: { basePath: '/home/artur/dev/repro', patterns: [ '/**/node_modules/*' ] }
2020-11-01T18:05:20.474Z eslint:file-enumerator Start to iterate files: [ 'src/App.vue' ]
2020-11-01T18:05:20.475Z eslint:file-enumerator File: /home/artur/dev/repro/src/App.vue
2020-11-01T18:05:20.523Z eslint:rules Loading rule 'accessor-pairs' (remaining=281)
2020-11-01T18:05:20.528Z eslint:rules Loading rule 'array-bracket-newline' (remaining=280)
2020-11-01T18:05:20.529Z eslint:rules Loading rule 'array-bracket-spacing' (remaining=279)
2020-11-01T18:05:20.529Z eslint:rules Loading rule 'array-callback-return' (remaining=278)
2020-11-01T18:05:20.530Z eslint:rules Loading rule 'array-element-newline' (remaining=277)
2020-11-01T18:05:20.531Z eslint:rules Loading rule 'arrow-body-style' (remaining=276)
2020-11-01T18:05:20.531Z eslint:rules Loading rule 'arrow-parens' (remaining=275)
2020-11-01T18:05:20.532Z eslint:rules Loading rule 'arrow-spacing' (remaining=274)
2020-11-01T18:05:20.533Z eslint:rules Loading rule 'block-scoped-var' (remaining=273)
2020-11-01T18:05:20.533Z eslint:rules Loading rule 'block-spacing' (remaining=272)
2020-11-01T18:05:20.534Z eslint:rules Loading rule 'brace-style' (remaining=271)
2020-11-01T18:05:20.534Z eslint:rules Loading rule 'callback-return' (remaining=270)
2020-11-01T18:05:20.535Z eslint:rules Loading rule 'camelcase' (remaining=269)
2020-11-01T18:05:20.535Z eslint:rules Loading rule 'capitalized-comments' (remaining=268)
2020-11-01T18:05:20.536Z eslint:rules Loading rule 'class-methods-use-this' (remaining=267)
2020-11-01T18:05:20.537Z eslint:rules Loading rule 'comma-dangle' (remaining=266)
2020-11-01T18:05:20.538Z eslint:rules Loading rule 'comma-spacing' (remaining=265)
2020-11-01T18:05:20.538Z eslint:rules Loading rule 'comma-style' (remaining=264)
2020-11-01T18:05:20.538Z eslint:rules Loading rule 'complexity' (remaining=263)
2020-11-01T18:05:20.539Z eslint:rules Loading rule 'computed-property-spacing' (remaining=262)
2020-11-01T18:05:20.539Z eslint:rules Loading rule 'consistent-return' (remaining=261)
2020-11-01T18:05:20.541Z eslint:rules Loading rule 'consistent-this' (remaining=260)
2020-11-01T18:05:20.541Z eslint:rules Loading rule 'constructor-super' (remaining=259)
2020-11-01T18:05:20.542Z eslint:rules Loading rule 'curly' (remaining=258)
2020-11-01T18:05:20.542Z eslint:rules Loading rule 'default-case' (remaining=257)
2020-11-01T18:05:20.543Z eslint:rules Loading rule 'default-case-last' (remaining=256)
2020-11-01T18:05:20.543Z eslint:rules Loading rule 'default-param-last' (remaining=255)
2020-11-01T18:05:20.544Z eslint:rules Loading rule 'dot-location' (remaining=254)
2020-11-01T18:05:20.544Z eslint:rules Loading rule 'dot-notation' (remaining=253)
2020-11-01T18:05:20.545Z eslint:rules Loading rule 'eol-last' (remaining=252)
2020-11-01T18:05:20.546Z eslint:rules Loading rule 'eqeqeq' (remaining=251)
2020-11-01T18:05:20.546Z eslint:rules Loading rule 'for-direction' (remaining=250)
2020-11-01T18:05:20.546Z eslint:rules Loading rule 'func-call-spacing' (remaining=249)
2020-11-01T18:05:20.548Z eslint:rules Loading rule 'func-name-matching' (remaining=248)
2020-11-01T18:05:20.552Z eslint:rules Loading rule 'func-names' (remaining=247)
2020-11-01T18:05:20.553Z eslint:rules Loading rule 'func-style' (remaining=246)
2020-11-01T18:05:20.554Z eslint:rules Loading rule 'function-call-argument-newline' (remaining=245)
2020-11-01T18:05:20.554Z eslint:rules Loading rule 'function-paren-newline' (remaining=244)
2020-11-01T18:05:20.554Z eslint:rules Loading rule 'generator-star-spacing' (remaining=243)
2020-11-01T18:05:20.558Z eslint:rules Loading rule 'getter-return' (remaining=242)
2020-11-01T18:05:20.558Z eslint:rules Loading rule 'global-require' (remaining=241)
2020-11-01T18:05:20.559Z eslint:rules Loading rule 'grouped-accessor-pairs' (remaining=240)
2020-11-01T18:05:20.560Z eslint:rules Loading rule 'guard-for-in' (remaining=239)
2020-11-01T18:05:20.560Z eslint:rules Loading rule 'handle-callback-err' (remaining=238)
2020-11-01T18:05:20.560Z eslint:rules Loading rule 'id-blacklist' (remaining=237)
2020-11-01T18:05:20.561Z eslint:rules Loading rule 'id-denylist' (remaining=236)
2020-11-01T18:05:20.561Z eslint:rules Loading rule 'id-length' (remaining=235)
2020-11-01T18:05:20.562Z eslint:rules Loading rule 'id-match' (remaining=234)
2020-11-01T18:05:20.562Z eslint:rules Loading rule 'implicit-arrow-linebreak' (remaining=233)
2020-11-01T18:05:20.563Z eslint:rules Loading rule 'indent' (remaining=232)
2020-11-01T18:05:20.564Z eslint:rules Loading rule 'indent-legacy' (remaining=231)
2020-11-01T18:05:20.566Z eslint:rules Loading rule 'init-declarations' (remaining=230)
2020-11-01T18:05:20.567Z eslint:rules Loading rule 'jsx-quotes' (remaining=229)
2020-11-01T18:05:20.567Z eslint:rules Loading rule 'key-spacing' (remaining=228)
2020-11-01T18:05:20.568Z eslint:rules Loading rule 'keyword-spacing' (remaining=227)
2020-11-01T18:05:20.568Z eslint:rules Loading rule 'line-comment-position' (remaining=226)
2020-11-01T18:05:20.569Z eslint:rules Loading rule 'linebreak-style' (remaining=225)
2020-11-01T18:05:20.569Z eslint:rules Loading rule 'lines-around-comment' (remaining=224)
2020-11-01T18:05:20.570Z eslint:rules Loading rule 'lines-around-directive' (remaining=223)
2020-11-01T18:05:20.570Z eslint:rules Loading rule 'lines-between-class-members' (remaining=222)
2020-11-01T18:05:20.570Z eslint:rules Loading rule 'max-classes-per-file' (remaining=221)
2020-11-01T18:05:20.571Z eslint:rules Loading rule 'max-depth' (remaining=220)
2020-11-01T18:05:20.571Z eslint:rules Loading rule 'max-len' (remaining=219)
2020-11-01T18:05:20.571Z eslint:rules Loading rule 'max-lines' (remaining=218)
2020-11-01T18:05:20.572Z eslint:rules Loading rule 'max-lines-per-function' (remaining=217)
2020-11-01T18:05:20.572Z eslint:rules Loading rule 'max-nested-callbacks' (remaining=216)
2020-11-01T18:05:20.572Z eslint:rules Loading rule 'max-params' (remaining=215)
2020-11-01T18:05:20.573Z eslint:rules Loading rule 'max-statements' (remaining=214)
2020-11-01T18:05:20.573Z eslint:rules Loading rule 'max-statements-per-line' (remaining=213)
2020-11-01T18:05:20.574Z eslint:rules Loading rule 'multiline-comment-style' (remaining=212)
2020-11-01T18:05:20.574Z eslint:rules Loading rule 'multiline-ternary' (remaining=211)
2020-11-01T18:05:20.575Z eslint:rules Loading rule 'new-cap' (remaining=210)
2020-11-01T18:05:20.575Z eslint:rules Loading rule 'new-parens' (remaining=209)
2020-11-01T18:05:20.575Z eslint:rules Loading rule 'newline-after-var' (remaining=208)
2020-11-01T18:05:20.576Z eslint:rules Loading rule 'newline-before-return' (remaining=207)
2020-11-01T18:05:20.576Z eslint:rules Loading rule 'newline-per-chained-call' (remaining=206)
2020-11-01T18:05:20.577Z eslint:rules Loading rule 'no-alert' (remaining=205)
2020-11-01T18:05:20.578Z eslint:rules Loading rule 'no-array-constructor' (remaining=204)
2020-11-01T18:05:20.578Z eslint:rules Loading rule 'no-async-promise-executor' (remaining=203)
2020-11-01T18:05:20.579Z eslint:rules Loading rule 'no-await-in-loop' (remaining=202)
2020-11-01T18:05:20.579Z eslint:rules Loading rule 'no-bitwise' (remaining=201)
2020-11-01T18:05:20.580Z eslint:rules Loading rule 'no-buffer-constructor' (remaining=200)
2020-11-01T18:05:20.580Z eslint:rules Loading rule 'no-caller' (remaining=199)
2020-11-01T18:05:20.580Z eslint:rules Loading rule 'no-case-declarations' (remaining=198)
2020-11-01T18:05:20.581Z eslint:rules Loading rule 'no-catch-shadow' (remaining=197)
2020-11-01T18:05:20.583Z eslint:rules Loading rule 'no-class-assign' (remaining=196)
2020-11-01T18:05:20.583Z eslint:rules Loading rule 'no-compare-neg-zero' (remaining=195)
2020-11-01T18:05:20.584Z eslint:rules Loading rule 'no-cond-assign' (remaining=194)
2020-11-01T18:05:20.584Z eslint:rules Loading rule 'no-confusing-arrow' (remaining=193)
2020-11-01T18:05:20.584Z eslint:rules Loading rule 'no-console' (remaining=192)
2020-11-01T18:05:20.585Z eslint:rules Loading rule 'no-const-assign' (remaining=191)
2020-11-01T18:05:20.585Z eslint:rules Loading rule 'no-constant-condition' (remaining=190)
2020-11-01T18:05:20.585Z eslint:rules Loading rule 'no-constructor-return' (remaining=189)
2020-11-01T18:05:20.585Z eslint:rules Loading rule 'no-continue' (remaining=188)
2020-11-01T18:05:20.586Z eslint:rules Loading rule 'no-control-regex' (remaining=187)
2020-11-01T18:05:20.587Z eslint:rules Loading rule 'no-debugger' (remaining=186)
2020-11-01T18:05:20.588Z eslint:rules Loading rule 'no-delete-var' (remaining=185)
2020-11-01T18:05:20.588Z eslint:rules Loading rule 'no-div-regex' (remaining=184)
2020-11-01T18:05:20.588Z eslint:rules Loading rule 'no-dupe-args' (remaining=183)
2020-11-01T18:05:20.589Z eslint:rules Loading rule 'no-dupe-class-members' (remaining=182)
2020-11-01T18:05:20.589Z eslint:rules Loading rule 'no-dupe-else-if' (remaining=181)
2020-11-01T18:05:20.589Z eslint:rules Loading rule 'no-dupe-keys' (remaining=180)
2020-11-01T18:05:20.590Z eslint:rules Loading rule 'no-duplicate-case' (remaining=179)
2020-11-01T18:05:20.590Z eslint:rules Loading rule 'no-duplicate-imports' (remaining=178)
2020-11-01T18:05:20.590Z eslint:rules Loading rule 'no-else-return' (remaining=177)
2020-11-01T18:05:20.591Z eslint:rules Loading rule 'no-empty' (remaining=176)
2020-11-01T18:05:20.592Z eslint:rules Loading rule 'no-empty-character-class' (remaining=175)
2020-11-01T18:05:20.592Z eslint:rules Loading rule 'no-empty-function' (remaining=174)
2020-11-01T18:05:20.592Z eslint:rules Loading rule 'no-empty-pattern' (remaining=173)
2020-11-01T18:05:20.593Z eslint:rules Loading rule 'no-eq-null' (remaining=172)
2020-11-01T18:05:20.593Z eslint:rules Loading rule 'no-eval' (remaining=171)
2020-11-01T18:05:20.593Z eslint:rules Loading rule 'no-ex-assign' (remaining=170)
2020-11-01T18:05:20.594Z eslint:rules Loading rule 'no-extend-native' (remaining=169)
2020-11-01T18:05:20.596Z eslint:rules Loading rule 'no-extra-bind' (remaining=168)
2020-11-01T18:05:20.596Z eslint:rules Loading rule 'no-extra-boolean-cast' (remaining=167)
2020-11-01T18:05:20.597Z eslint:rules Loading rule 'no-extra-label' (remaining=166)
2020-11-01T18:05:20.597Z eslint:rules Loading rule 'no-extra-parens' (remaining=165)
2020-11-01T18:05:20.598Z eslint:rules Loading rule 'no-extra-semi' (remaining=164)
2020-11-01T18:05:20.599Z eslint:rules Loading rule 'no-fallthrough' (remaining=163)
2020-11-01T18:05:20.599Z eslint:rules Loading rule 'no-floating-decimal' (remaining=162)
2020-11-01T18:05:20.600Z eslint:rules Loading rule 'no-func-assign' (remaining=161)
2020-11-01T18:05:20.600Z eslint:rules Loading rule 'no-global-assign' (remaining=160)
2020-11-01T18:05:20.600Z eslint:rules Loading rule 'no-implicit-coercion' (remaining=159)
2020-11-01T18:05:20.601Z eslint:rules Loading rule 'no-implicit-globals' (remaining=158)
2020-11-01T18:05:20.601Z eslint:rules Loading rule 'no-implied-eval' (remaining=157)
2020-11-01T18:05:20.602Z eslint:rules Loading rule 'no-import-assign' (remaining=156)
2020-11-01T18:05:20.602Z eslint:rules Loading rule 'no-inline-comments' (remaining=155)
2020-11-01T18:05:20.602Z eslint:rules Loading rule 'no-inner-declarations' (remaining=154)
2020-11-01T18:05:20.603Z eslint:rules Loading rule 'no-invalid-regexp' (remaining=153)
2020-11-01T18:05:20.603Z eslint:rules Loading rule 'no-invalid-this' (remaining=152)
2020-11-01T18:05:20.604Z eslint:rules Loading rule 'no-irregular-whitespace' (remaining=151)
2020-11-01T18:05:20.605Z eslint:rules Loading rule 'no-iterator' (remaining=150)
2020-11-01T18:05:20.606Z eslint:rules Loading rule 'no-label-var' (remaining=149)
2020-11-01T18:05:20.606Z eslint:rules Loading rule 'no-labels' (remaining=148)
2020-11-01T18:05:20.607Z eslint:rules Loading rule 'no-lone-blocks' (remaining=147)
2020-11-01T18:05:20.607Z eslint:rules Loading rule 'no-lonely-if' (remaining=146)
2020-11-01T18:05:20.607Z eslint:rules Loading rule 'no-loop-func' (remaining=145)
2020-11-01T18:05:20.608Z eslint:rules Loading rule 'no-loss-of-precision' (remaining=144)
2020-11-01T18:05:20.608Z eslint:rules Loading rule 'no-magic-numbers' (remaining=143)
2020-11-01T18:05:20.608Z eslint:rules Loading rule 'no-misleading-character-class' (remaining=142)
2020-11-01T18:05:20.610Z eslint:rules Loading rule 'no-mixed-operators' (remaining=141)
2020-11-01T18:05:20.610Z eslint:rules Loading rule 'no-mixed-requires' (remaining=140)
2020-11-01T18:05:20.611Z eslint:rules Loading rule 'no-mixed-spaces-and-tabs' (remaining=139)
2020-11-01T18:05:20.611Z eslint:rules Loading rule 'no-multi-assign' (remaining=138)
2020-11-01T18:05:20.611Z eslint:rules Loading rule 'no-multi-spaces' (remaining=137)
2020-11-01T18:05:20.612Z eslint:rules Loading rule 'no-multi-str' (remaining=136)
2020-11-01T18:05:20.612Z eslint:rules Loading rule 'no-multiple-empty-lines' (remaining=135)
2020-11-01T18:05:20.612Z eslint:rules Loading rule 'no-native-reassign' (remaining=134)
2020-11-01T18:05:20.613Z eslint:rules Loading rule 'no-negated-condition' (remaining=133)
2020-11-01T18:05:20.613Z eslint:rules Loading rule 'no-negated-in-lhs' (remaining=132)
2020-11-01T18:05:20.613Z eslint:rules Loading rule 'no-nested-ternary' (remaining=131)
2020-11-01T18:05:20.614Z eslint:rules Loading rule 'no-new' (remaining=130)
2020-11-01T18:05:20.614Z eslint:rules Loading rule 'no-new-func' (remaining=129)
2020-11-01T18:05:20.614Z eslint:rules Loading rule 'no-new-object' (remaining=128)
2020-11-01T18:05:20.614Z eslint:rules Loading rule 'no-new-require' (remaining=127)
2020-11-01T18:05:20.615Z eslint:rules Loading rule 'no-new-symbol' (remaining=126)
2020-11-01T18:05:20.616Z eslint:rules Loading rule 'no-new-wrappers' (remaining=125)
2020-11-01T18:05:20.616Z eslint:rules Loading rule 'no-obj-calls' (remaining=124)
2020-11-01T18:05:20.617Z eslint:rules Loading rule 'no-octal' (remaining=123)
2020-11-01T18:05:20.617Z eslint:rules Loading rule 'no-octal-escape' (remaining=122)
2020-11-01T18:05:20.617Z eslint:rules Loading rule 'no-param-reassign' (remaining=121)
2020-11-01T18:05:20.618Z eslint:rules Loading rule 'no-path-concat' (remaining=120)
2020-11-01T18:05:20.618Z eslint:rules Loading rule 'no-plusplus' (remaining=119)
2020-11-01T18:05:20.618Z eslint:rules Loading rule 'no-process-env' (remaining=118)
2020-11-01T18:05:20.619Z eslint:rules Loading rule 'no-process-exit' (remaining=117)
2020-11-01T18:05:20.619Z eslint:rules Loading rule 'no-promise-executor-return' (remaining=116)
2020-11-01T18:05:20.619Z eslint:rules Loading rule 'no-proto' (remaining=115)
2020-11-01T18:05:20.619Z eslint:rules Loading rule 'no-prototype-builtins' (remaining=114)
2020-11-01T18:05:20.621Z eslint:rules Loading rule 'no-redeclare' (remaining=113)
2020-11-01T18:05:20.622Z eslint:rules Loading rule 'no-regex-spaces' (remaining=112)
2020-11-01T18:05:20.622Z eslint:rules Loading rule 'no-restricted-exports' (remaining=111)
2020-11-01T18:05:20.622Z eslint:rules Loading rule 'no-restricted-globals' (remaining=110)
2020-11-01T18:05:20.623Z eslint:rules Loading rule 'no-restricted-imports' (remaining=109)
2020-11-01T18:05:20.624Z eslint:rules Loading rule 'no-restricted-modules' (remaining=108)
2020-11-01T18:05:20.624Z eslint:rules Loading rule 'no-restricted-properties' (remaining=107)
2020-11-01T18:05:20.625Z eslint:rules Loading rule 'no-restricted-syntax' (remaining=106)
2020-11-01T18:05:20.625Z eslint:rules Loading rule 'no-return-assign' (remaining=105)
2020-11-01T18:05:20.627Z eslint:rules Loading rule 'no-return-await' (remaining=104)
2020-11-01T18:05:20.627Z eslint:rules Loading rule 'no-script-url' (remaining=103)
2020-11-01T18:05:20.628Z eslint:rules Loading rule 'no-self-assign' (remaining=102)
2020-11-01T18:05:20.628Z eslint:rules Loading rule 'no-self-compare' (remaining=101)
2020-11-01T18:05:20.629Z eslint:rules Loading rule 'no-sequences' (remaining=100)
2020-11-01T18:05:20.629Z eslint:rules Loading rule 'no-setter-return' (remaining=99)
2020-11-01T18:05:20.629Z eslint:rules Loading rule 'no-shadow' (remaining=98)
2020-11-01T18:05:20.630Z eslint:rules Loading rule 'no-shadow-restricted-names' (remaining=97)
2020-11-01T18:05:20.630Z eslint:rules Loading rule 'no-spaced-func' (remaining=96)
2020-11-01T18:05:20.631Z eslint:rules Loading rule 'no-sparse-arrays' (remaining=95)
2020-11-01T18:05:20.631Z eslint:rules Loading rule 'no-sync' (remaining=94)
2020-11-01T18:05:20.634Z eslint:rules Loading rule 'no-tabs' (remaining=93)
2020-11-01T18:05:20.635Z eslint:rules Loading rule 'no-template-curly-in-string' (remaining=92)
2020-11-01T18:05:20.635Z eslint:rules Loading rule 'no-ternary' (remaining=91)
2020-11-01T18:05:20.636Z eslint:rules Loading rule 'no-this-before-super' (remaining=90)
2020-11-01T18:05:20.637Z eslint:rules Loading rule 'no-throw-literal' (remaining=89)
2020-11-01T18:05:20.638Z eslint:rules Loading rule 'no-trailing-spaces' (remaining=88)
2020-11-01T18:05:20.639Z eslint:rules Loading rule 'no-undef' (remaining=87)
2020-11-01T18:05:20.639Z eslint:rules Loading rule 'no-undef-init' (remaining=86)
2020-11-01T18:05:20.640Z eslint:rules Loading rule 'no-undefined' (remaining=85)
2020-11-01T18:05:20.640Z eslint:rules Loading rule 'no-underscore-dangle' (remaining=84)
2020-11-01T18:05:20.640Z eslint:rules Loading rule 'no-unexpected-multiline' (remaining=83)
2020-11-01T18:05:20.641Z eslint:rules Loading rule 'no-unmodified-loop-condition' (remaining=82)
2020-11-01T18:05:20.641Z eslint:rules Loading rule 'no-unneeded-ternary' (remaining=81)
2020-11-01T18:05:20.642Z eslint:rules Loading rule 'no-unreachable' (remaining=80)
2020-11-01T18:05:20.642Z eslint:rules Loading rule 'no-unreachable-loop' (remaining=79)
2020-11-01T18:05:20.643Z eslint:rules Loading rule 'no-unsafe-finally' (remaining=78)
2020-11-01T18:05:20.643Z eslint:rules Loading rule 'no-unsafe-negation' (remaining=77)
2020-11-01T18:05:20.643Z eslint:rules Loading rule 'no-unused-expressions' (remaining=76)
2020-11-01T18:05:20.644Z eslint:rules Loading rule 'no-unused-labels' (remaining=75)
2020-11-01T18:05:20.644Z eslint:rules Loading rule 'no-unused-vars' (remaining=74)
2020-11-01T18:05:20.645Z eslint:rules Loading rule 'no-use-before-define' (remaining=73)
2020-11-01T18:05:20.645Z eslint:rules Loading rule 'no-useless-backreference' (remaining=72)
2020-11-01T18:05:20.645Z eslint:rules Loading rule 'no-useless-call' (remaining=71)
2020-11-01T18:05:20.646Z eslint:rules Loading rule 'no-useless-catch' (remaining=70)
2020-11-01T18:05:20.646Z eslint:rules Loading rule 'no-useless-computed-key' (remaining=69)
2020-11-01T18:05:20.647Z eslint:rules Loading rule 'no-useless-concat' (remaining=68)
2020-11-01T18:05:20.647Z eslint:rules Loading rule 'no-useless-constructor' (remaining=67)
2020-11-01T18:05:20.648Z eslint:rules Loading rule 'no-useless-escape' (remaining=66)
2020-11-01T18:05:20.651Z eslint:rules Loading rule 'no-useless-rename' (remaining=65)
2020-11-01T18:05:20.653Z eslint:rules Loading rule 'no-useless-return' (remaining=64)
2020-11-01T18:05:20.654Z eslint:rules Loading rule 'no-var' (remaining=63)
2020-11-01T18:05:20.654Z eslint:rules Loading rule 'no-void' (remaining=62)
2020-11-01T18:05:20.654Z eslint:rules Loading rule 'no-warning-comments' (remaining=61)
2020-11-01T18:05:20.655Z eslint:rules Loading rule 'no-whitespace-before-property' (remaining=60)
2020-11-01T18:05:20.655Z eslint:rules Loading rule 'no-with' (remaining=59)
2020-11-01T18:05:20.656Z eslint:rules Loading rule 'nonblock-statement-body-position' (remaining=58)
2020-11-01T18:05:20.656Z eslint:rules Loading rule 'object-curly-newline' (remaining=57)
2020-11-01T18:05:20.657Z eslint:rules Loading rule 'object-curly-spacing' (remaining=56)
2020-11-01T18:05:20.657Z eslint:rules Loading rule 'object-property-newline' (remaining=55)
2020-11-01T18:05:20.658Z eslint:rules Loading rule 'object-shorthand' (remaining=54)
2020-11-01T18:05:20.658Z eslint:rules Loading rule 'one-var' (remaining=53)
2020-11-01T18:05:20.659Z eslint:rules Loading rule 'one-var-declaration-per-line' (remaining=52)
2020-11-01T18:05:20.659Z eslint:rules Loading rule 'operator-assignment' (remaining=51)
2020-11-01T18:05:20.660Z eslint:rules Loading rule 'operator-linebreak' (remaining=50)
2020-11-01T18:05:20.660Z eslint:rules Loading rule 'padded-blocks' (remaining=49)
2020-11-01T18:05:20.660Z eslint:rules Loading rule 'padding-line-between-statements' (remaining=48)
2020-11-01T18:05:20.661Z eslint:rules Loading rule 'prefer-arrow-callback' (remaining=47)
2020-11-01T18:05:20.662Z eslint:rules Loading rule 'prefer-const' (remaining=46)
2020-11-01T18:05:20.662Z eslint:rules Loading rule 'prefer-destructuring' (remaining=45)
2020-11-01T18:05:20.662Z eslint:rules Loading rule 'prefer-exponentiation-operator' (remaining=44)
2020-11-01T18:05:20.663Z eslint:rules Loading rule 'prefer-named-capture-group' (remaining=43)
2020-11-01T18:05:20.663Z eslint:rules Loading rule 'prefer-numeric-literals' (remaining=42)
2020-11-01T18:05:20.664Z eslint:rules Loading rule 'prefer-object-spread' (remaining=41)
2020-11-01T18:05:20.664Z eslint:rules Loading rule 'prefer-promise-reject-errors' (remaining=40)
2020-11-01T18:05:20.665Z eslint:rules Loading rule 'prefer-reflect' (remaining=39)
2020-11-01T18:05:20.665Z eslint:rules Loading rule 'prefer-regex-literals' (remaining=38)
2020-11-01T18:05:20.666Z eslint:rules Loading rule 'prefer-rest-params' (remaining=37)
2020-11-01T18:05:20.667Z eslint:rules Loading rule 'prefer-spread' (remaining=36)
2020-11-01T18:05:20.668Z eslint:rules Loading rule 'prefer-template' (remaining=35)
2020-11-01T18:05:20.669Z eslint:rules Loading rule 'quote-props' (remaining=34)
2020-11-01T18:05:20.670Z eslint:rules Loading rule 'quotes' (remaining=33)
2020-11-01T18:05:20.670Z eslint:rules Loading rule 'radix' (remaining=32)
2020-11-01T18:05:20.671Z eslint:rules Loading rule 'require-atomic-updates' (remaining=31)
2020-11-01T18:05:20.671Z eslint:rules Loading rule 'require-await' (remaining=30)
2020-11-01T18:05:20.672Z eslint:rules Loading rule 'require-jsdoc' (remaining=29)
2020-11-01T18:05:20.672Z eslint:rules Loading rule 'require-unicode-regexp' (remaining=28)
2020-11-01T18:05:20.673Z eslint:rules Loading rule 'require-yield' (remaining=27)
2020-11-01T18:05:20.673Z eslint:rules Loading rule 'rest-spread-spacing' (remaining=26)
2020-11-01T18:05:20.673Z eslint:rules Loading rule 'semi' (remaining=25)
2020-11-01T18:05:20.674Z eslint:rules Loading rule 'semi-spacing' (remaining=24)
2020-11-01T18:05:20.674Z eslint:rules Loading rule 'semi-style' (remaining=23)
2020-11-01T18:05:20.675Z eslint:rules Loading rule 'sort-imports' (remaining=22)
2020-11-01T18:05:20.675Z eslint:rules Loading rule 'sort-keys' (remaining=21)
2020-11-01T18:05:20.676Z eslint:rules Loading rule 'sort-vars' (remaining=20)
2020-11-01T18:05:20.677Z eslint:rules Loading rule 'space-before-blocks' (remaining=19)
2020-11-01T18:05:20.677Z eslint:rules Loading rule 'space-before-function-paren' (remaining=18)
2020-11-01T18:05:20.678Z eslint:rules Loading rule 'space-in-parens' (remaining=17)
2020-11-01T18:05:20.678Z eslint:rules Loading rule 'space-infix-ops' (remaining=16)
2020-11-01T18:05:20.678Z eslint:rules Loading rule 'space-unary-ops' (remaining=15)
2020-11-01T18:05:20.679Z eslint:rules Loading rule 'spaced-comment' (remaining=14)
2020-11-01T18:05:20.679Z eslint:rules Loading rule 'strict' (remaining=13)
2020-11-01T18:05:20.679Z eslint:rules Loading rule 'switch-colon-spacing' (remaining=12)
2020-11-01T18:05:20.680Z eslint:rules Loading rule 'symbol-description' (remaining=11)
2020-11-01T18:05:20.680Z eslint:rules Loading rule 'template-curly-spacing' (remaining=10)
2020-11-01T18:05:20.680Z eslint:rules Loading rule 'template-tag-spacing' (remaining=9)
2020-11-01T18:05:20.681Z eslint:rules Loading rule 'unicode-bom' (remaining=8)
2020-11-01T18:05:20.681Z eslint:rules Loading rule 'use-isnan' (remaining=7)
2020-11-01T18:05:20.681Z eslint:rules Loading rule 'valid-jsdoc' (remaining=6)
2020-11-01T18:05:20.686Z eslint:rules Loading rule 'valid-typeof' (remaining=5)
2020-11-01T18:05:20.687Z eslint:rules Loading rule 'vars-on-top' (remaining=4)
2020-11-01T18:05:20.687Z eslint:rules Loading rule 'wrap-iife' (remaining=3)
2020-11-01T18:05:20.688Z eslint:rules Loading rule 'wrap-regex' (remaining=2)
2020-11-01T18:05:20.688Z eslint:rules Loading rule 'yield-star-spacing' (remaining=1)
2020-11-01T18:05:20.688Z eslint:rules Loading rule 'yoda' (remaining=0)
2020-11-01T18:05:21.237Z eslint:ignore-pattern Create with: [ IgnorePattern { patterns: [ '/**/node_modules/*' ], basePath: '/home/artur/dev/repro', loose: false } ]
2020-11-01T18:05:21.237Z eslint:ignore-pattern   processed: { basePath: '/home/artur/dev/repro', patterns: [ '/**/node_modules/*' ] }
2020-11-01T18:05:21.238Z eslint:ignore-pattern Check {
  filePath: '/home/artur/dev/repro/src/App.vue',
  dot: false,
  relativePath: 'src/App.vue',
  result: false
}
2020-11-01T18:05:21.238Z eslint:cli-engine Lint /home/artur/dev/repro/src/App.vue
2020-11-01T18:05:21.238Z eslint:linter Linting code for /home/artur/dev/repro/src/App.vue (pass 1)
2020-11-01T18:05:21.239Z eslint:linter Verify
2020-11-01T18:05:21.239Z eslint:linter With ConfigArray: /home/artur/dev/repro/src/App.vue
2020-11-01T18:05:21.239Z eslint:linter Apply the processor: 'vue/.vue'
2020-11-01T18:05:21.239Z eslint:linter A code block was found: '(unnamed)'
2020-11-01T18:05:21.265Z eslint:linter Parsing error: Unexpected token. Did you mean `{'}'}` or `&rbrace;`?
undefined
2020-11-01T18:05:21.266Z eslint:linter Generating fixed text for /home/artur/dev/repro/src/App.vue (pass 1)
2020-11-01T18:05:21.266Z eslint:source-code-fixer Applying fixes
2020-11-01T18:05:21.266Z eslint:source-code-fixer shouldFix parameter was false, not attempting fixes
2020-11-01T18:05:21.266Z eslint:file-enumerator Complete iterating files: ["src/App.vue"]
2020-11-01T18:05:21.266Z eslint:cli-engine Linting complete in: 792ms

/home/artur/dev/repro/src/App.vue
  20:4  error  Parsing error: Unexpected token. Did you mean `{'}'}` or `&rbrace;`?

✖ 1 problem (1 error, 0 warnings)

